TN:
SF:C:\Users\asus\Desktop\DWVDicomViewer-master\src\utils\string.js
FN:21,(anonymous_1)
FN:41,(anonymous_2)
FN:72,(anonymous_3)
FNF:3
FNH:3
FNDA:12,(anonymous_1)
FNDA:36,(anonymous_2)
FNDA:30,(anonymous_3)
DA:5,1
DA:12,1
DA:21,1
DA:23,12
DA:24,12
DA:25,9
DA:27,12
DA:41,1
DA:44,36
DA:46,36
DA:47,36
DA:49,30
DA:51,30
DA:52,30
DA:53,30
DA:55,30
DA:57,30
DA:60,36
DA:72,1
DA:75,30
DA:77,30
DA:79,30
DA:80,30
DA:82,60
DA:84,60
DA:86,48
DA:91,12
DA:92,8
DA:94,12
DA:98,30
LF:30
LH:30
BRDA:5,1,0,1
BRDA:5,1,1,1
BRDA:12,2,0,1
BRDA:12,2,1,1
BRDA:24,3,0,9
BRDA:24,3,1,3
BRDA:47,4,0,30
BRDA:47,4,1,6
BRDA:47,5,0,36
BRDA:47,5,1,33
BRDA:52,6,0,30
BRDA:52,6,1,0
BRDA:77,7,0,30
BRDA:77,7,1,0
BRDA:84,8,0,48
BRDA:84,8,1,12
BRDA:91,9,0,8
BRDA:91,9,1,4
BRF:18
BRH:16
end_of_record
TN:
SF:C:\Users\asus\Desktop\DWVDicomViewer-master\src\dicom\dicomParser.js
FN:26,(anonymous_1)
FN:45,(anonymous_2)
FN:58,(anonymous_3)
FN:95,(anonymous_4)
FN:115,(anonymous_5)
FN:124,(anonymous_6)
FN:133,(anonymous_7)
FN:143,(anonymous_8)
FN:153,(anonymous_9)
FN:163,(anonymous_10)
FN:177,(anonymous_11)
FN:191,(anonymous_12)
FN:216,(anonymous_13)
FN:241,(anonymous_14)
FN:266,(anonymous_15)
FN:290,(anonymous_16)
FN:303,(anonymous_17)
FN:319,(anonymous_18)
FN:329,(anonymous_19)
FN:340,(anonymous_20)
FN:352,(anonymous_21)
FN:366,(anonymous_22)
FN:378,(anonymous_23)
FN:389,(anonymous_24)
FN:400,(anonymous_25)
FN:472,(anonymous_26)
FN:498,(anonymous_27)
FN:509,(anonymous_28)
FN:519,(anonymous_29)
FN:529,(anonymous_30)
FN:543,(anonymous_31)
FN:592,(anonymous_32)
FN:629,(anonymous_33)
FN:649,(anonymous_34)
FN:795,(anonymous_35)
FN:1046,(anonymous_36)
FN:1055,(anonymous_37)
FN:1078,(anonymous_38)
FN:1113,(anonymous_39)
FN:1152,(anonymous_40)
FN:1408,(anonymous_41)
FN:1422,(anonymous_42)
FNF:42
FNH:24
FNDA:9,(anonymous_1)
FNDA:2,(anonymous_2)
FNDA:2,(anonymous_3)
FNDA:0,(anonymous_4)
FNDA:439,(anonymous_5)
FNDA:8,(anonymous_6)
FNDA:0,(anonymous_7)
FNDA:281,(anonymous_8)
FNDA:0,(anonymous_9)
FNDA:11,(anonymous_10)
FNDA:0,(anonymous_11)
FNDA:1,(anonymous_12)
FNDA:2,(anonymous_13)
FNDA:0,(anonymous_14)
FNDA:1,(anonymous_15)
FNDA:298,(anonymous_16)
FNDA:275,(anonymous_17)
FNDA:152,(anonymous_18)
FNDA:0,(anonymous_19)
FNDA:0,(anonymous_20)
FNDA:0,(anonymous_21)
FNDA:0,(anonymous_22)
FNDA:0,(anonymous_23)
FNDA:0,(anonymous_24)
FNDA:0,(anonymous_25)
FNDA:1,(anonymous_26)
FNDA:0,(anonymous_27)
FNDA:1,(anonymous_28)
FNDA:1,(anonymous_29)
FNDA:0,(anonymous_30)
FNDA:149,(anonymous_31)
FNDA:10,(anonymous_32)
FNDA:149,(anonymous_33)
FNDA:149,(anonymous_34)
FNDA:1,(anonymous_35)
FNDA:1,(anonymous_36)
FNDA:11,(anonymous_37)
FNDA:0,(anonymous_38)
FNDA:0,(anonymous_39)
FNDA:0,(anonymous_40)
FNDA:0,(anonymous_41)
FNDA:3,(anonymous_42)
DA:5,1
DA:6,1
DA:8,1
DA:9,1
DA:11,1
DA:13,1
DA:14,1
DA:16,1
DA:17,1
DA:26,1
DA:28,9
DA:29,9
DA:31,6
DA:33,6
DA:34,4
DA:37,9
DA:45,1
DA:47,2
DA:58,1
DA:61,2
DA:62,2
DA:71,2
DA:79,2
DA:87,2
DA:95,2
DA:96,0
DA:97,0
DA:98,0
DA:99,0
DA:100,0
DA:101,0
DA:102,0
DA:103,0
DA:104,0
DA:115,2
DA:116,439
DA:124,2
DA:125,8
DA:133,2
DA:134,0
DA:143,2
DA:144,281
DA:153,2
DA:154,0
DA:163,2
DA:164,11
DA:165,11
DA:166,0
DA:168,11
DA:177,2
DA:178,0
DA:179,0
DA:180,0
DA:182,0
DA:191,2
DA:192,1
DA:193,1
DA:195,1
DA:196,1
DA:197,1
DA:198,0
DA:202,0
DA:203,0
DA:204,0
DA:207,1
DA:216,2
DA:217,2
DA:218,2
DA:220,2
DA:221,2
DA:222,2
DA:223,0
DA:227,0
DA:228,0
DA:229,0
DA:232,2
DA:241,2
DA:242,0
DA:243,0
DA:245,0
DA:246,0
DA:247,0
DA:248,0
DA:252,0
DA:253,0
DA:254,0
DA:257,0
DA:266,2
DA:267,1
DA:268,1
DA:270,1
DA:271,0
DA:272,0
DA:273,0
DA:277,1
DA:278,1
DA:279,3
DA:282,1
DA:290,2
DA:292,298
DA:294,298
DA:303,2
DA:304,275
DA:305,275
DA:306,275
DA:307,2374
DA:309,275
DA:319,1
DA:321,152
DA:329,1
DA:331,0
DA:340,1
DA:342,0
DA:352,1
DA:354,0
DA:366,1
DA:368,0
DA:378,1
DA:380,0
DA:389,1
DA:391,0
DA:400,1
DA:402,0
DA:404,0
DA:405,0
DA:408,0
DA:409,0
DA:412,0
DA:413,0
DA:416,0
DA:417,0
DA:420,0
DA:421,0
DA:422,0
DA:425,0
DA:429,0
DA:430,0
DA:431,0
DA:434,0
DA:438,0
DA:439,0
DA:442,0
DA:443,0
DA:446,0
DA:447,0
DA:448,0
DA:451,0
DA:455,0
DA:456,0
DA:459,0
DA:460,0
DA:463,0
DA:472,1
DA:479,1
DA:485,1
DA:492,1
DA:498,1
DA:499,0
DA:500,0
DA:509,1
DA:511,1
DA:519,1
DA:521,1
DA:529,1
DA:531,0
DA:543,1
DA:546,149
DA:548,139
DA:561,10
DA:563,0
DA:566,10
DA:567,10
DA:568,10
DA:569,10
DA:571,0
DA:572,0
DA:575,0
DA:576,0
DA:580,10
DA:592,1
DA:596,10
DA:597,1
DA:608,9
DA:609,3
DA:612,9
DA:629,1
DA:632,149
DA:634,149
DA:636,149
DA:638,149
DA:649,1
DA:652,149
DA:653,149
DA:655,149
DA:656,149
DA:657,149
DA:658,149
DA:660,149
DA:663,149
DA:664,3
DA:665,3
DA:666,3
DA:667,3
DA:672,146
DA:673,0
DA:674,0
DA:675,0
DA:677,0
DA:679,0
DA:680,0
DA:681,0
DA:682,0
DA:685,146
DA:686,146
DA:687,146
DA:689,146
DA:690,5
DA:691,5
DA:695,141
DA:696,141
DA:702,149
DA:703,149
DA:704,0
DA:705,0
DA:709,149
DA:710,149
DA:711,149
DA:714,4
DA:717,3
DA:720,1
DA:724,145
DA:726,10
DA:728,135
DA:730,1
DA:732,134
DA:734,0
DA:736,134
DA:738,2
DA:740,132
DA:742,0
DA:744,132
DA:746,1
DA:749,131
DA:751,0
DA:752,0
DA:753,0
DA:754,0
DA:755,0
DA:756,0
DA:757,0
DA:758,0
DA:759,0
DA:760,0
DA:761,0
DA:765,131
DA:767,3
DA:772,128
DA:773,128
DA:777,149
DA:780,149
DA:795,1
DA:797,1
DA:798,1
DA:799,1
DA:800,1
DA:801,1
DA:803,1
DA:804,1
DA:807,1
DA:808,1
DA:809,1
DA:811,0
DA:813,1
DA:816,1
DA:818,1
DA:820,1
DA:821,1
DA:824,1
DA:825,1
DA:826,1
DA:827,1
DA:830,6
DA:832,6
DA:834,6
DA:838,1
DA:841,1
DA:845,0
DA:846,0
DA:849,0
DA:850,0
DA:853,0
DA:854,0
DA:857,0
DA:858,0
DA:859,0
DA:862,0
DA:863,0
DA:864,0
DA:867,0
DA:868,0
DA:871,0
DA:873,0
DA:876,0
DA:877,0
DA:878,0
DA:881,0
DA:882,0
DA:885,0
DA:886,0
DA:889,0
DA:892,1
DA:893,1
DA:894,1
DA:895,1
DA:898,1
DA:901,142
DA:904,142
DA:905,142
DA:906,142
DA:909,142
DA:910,1
DA:914,1
DA:917,142
DA:918,3
DA:919,3
DA:920,3
DA:924,139
DA:925,0
DA:929,142
DA:931,0
DA:932,0
DA:933,0
DA:935,0
DA:936,0
DA:940,0
DA:941,0
DA:942,0
DA:943,0
DA:944,0
DA:948,0
DA:949,0
DA:952,0
DA:956,142
DA:957,1
DA:958,1
DA:962,0
DA:963,0
DA:967,0
DA:972,142
DA:975,142
DA:976,9
DA:977,9
DA:980,9
DA:983,1
DA:985,1
DA:986,1
DA:989,1
DA:991,1
DA:992,0
DA:993,0
DA:999,142
DA:1003,1
DA:1005,0
DA:1009,1
DA:1010,1
DA:1011,0
DA:1012,0
DA:1014,0
DA:1015,0
DA:1016,0
DA:1017,0
DA:1019,1
DA:1020,0
DA:1021,0
DA:1023,0
DA:1024,0
DA:1025,0
DA:1027,1
DA:1028,0
DA:1029,0
DA:1032,0
DA:1033,0
DA:1035,0
DA:1046,1
DA:1055,1
DA:1057,11
DA:1058,11
DA:1060,11
DA:1061,11
DA:1062,11
DA:1064,9
DA:1065,8
DA:1068,1
DA:1071,11
DA:1078,1
DA:1079,0
DA:1080,0
DA:1081,0
DA:1082,0
DA:1083,0
DA:1084,0
DA:1085,0
DA:1086,0
DA:1087,0
DA:1089,0
DA:1090,0
DA:1092,0
DA:1094,0
DA:1095,0
DA:1098,0
DA:1100,0
DA:1101,0
DA:1102,0
DA:1104,0
DA:1106,0
DA:1113,1
DA:1114,0
DA:1115,0
DA:1116,0
DA:1117,0
DA:1118,0
DA:1119,0
DA:1120,0
DA:1121,0
DA:1124,0
DA:1126,0
DA:1127,0
DA:1128,0
DA:1129,0
DA:1130,0
DA:1131,0
DA:1132,0
DA:1133,0
DA:1134,0
DA:1135,0
DA:1136,0
DA:1137,0
DA:1139,0
DA:1141,0
DA:1152,1
DA:1155,0
DA:1158,0
DA:1159,0
DA:1160,0
DA:1162,0
DA:1165,0
DA:1166,0
DA:1169,0
DA:1172,0
DA:1174,0
DA:1175,0
DA:1178,0
DA:1182,0
DA:1185,0
DA:1186,0
DA:1187,0
DA:1188,0
DA:1189,0
DA:1191,0
DA:1193,0
DA:1194,0
DA:1195,0
DA:1199,0
DA:1200,0
DA:1201,0
DA:1204,0
DA:1205,0
DA:1208,0
DA:1217,0
DA:1218,0
DA:1219,0
DA:1220,0
DA:1221,0
DA:1222,0
DA:1223,0
DA:1225,0
DA:1226,0
DA:1228,0
DA:1229,0
DA:1230,0
DA:1231,0
DA:1234,0
DA:1236,0
DA:1239,0
DA:1241,0
DA:1242,0
DA:1245,0
DA:1246,0
DA:1249,0
DA:1251,0
DA:1252,0
DA:1253,0
DA:1254,0
DA:1257,0
DA:1259,0
DA:1260,0
DA:1261,0
DA:1265,0
DA:1266,0
DA:1267,0
DA:1268,0
DA:1270,0
DA:1271,0
DA:1274,0
DA:1277,0
DA:1282,0
DA:1283,0
DA:1284,0
DA:1285,0
DA:1288,0
DA:1289,0
DA:1290,0
DA:1292,0
DA:1293,0
DA:1295,0
DA:1296,0
DA:1297,0
DA:1298,0
DA:1299,0
DA:1300,0
DA:1303,0
DA:1306,0
DA:1309,0
DA:1310,0
DA:1311,0
DA:1312,0
DA:1313,0
DA:1314,0
DA:1315,0
DA:1319,0
DA:1320,0
DA:1321,0
DA:1322,0
DA:1325,0
DA:1327,0
DA:1328,0
DA:1329,0
DA:1331,0
DA:1332,0
DA:1334,0
DA:1335,0
DA:1336,0
DA:1337,0
DA:1341,0
DA:1342,0
DA:1343,0
DA:1345,0
DA:1346,0
DA:1353,0
DA:1354,0
DA:1358,0
DA:1359,0
DA:1360,0
DA:1362,0
DA:1363,0
DA:1370,0
DA:1371,0
DA:1374,0
DA:1375,0
DA:1376,0
DA:1377,0
DA:1378,0
DA:1379,0
DA:1380,0
DA:1381,0
DA:1382,0
DA:1383,0
DA:1387,0
DA:1394,0
DA:1395,0
DA:1398,0
DA:1408,1
DA:1411,0
DA:1422,1
DA:1424,3
DA:1425,3
DA:1426,3
DA:1427,3
DA:1428,3
DA:1429,3
DA:1430,3
DA:1432,3
DA:1434,3
DA:1435,28
DA:1436,28
DA:1437,28
DA:1438,3508
DA:1439,3508
DA:1440,3
DA:1444,3
DA:1446,3
DA:1447,3
DA:1449,3
LF:593
LH:253
BRDA:5,1,0,1
BRDA:5,1,1,0
BRDA:6,2,0,1
BRDA:6,2,1,1
BRDA:9,3,0,1
BRDA:9,3,1,1
BRDA:11,4,0,1
BRDA:11,4,1,0
BRDA:13,5,0,1
BRDA:13,5,1,1
BRDA:14,6,0,1
BRDA:14,6,1,1
BRDA:17,7,0,1
BRDA:17,7,1,1
BRDA:29,8,0,6
BRDA:29,8,1,3
BRDA:33,9,0,4
BRDA:33,9,1,2
BRDA:61,10,0,2
BRDA:61,10,1,0
BRDA:165,11,0,0
BRDA:165,11,1,11
BRDA:179,12,0,0
BRDA:179,12,1,0
BRDA:195,13,0,1
BRDA:195,13,1,0
BRDA:197,14,0,0
BRDA:197,14,1,1
BRDA:220,15,0,2
BRDA:220,15,1,0
BRDA:222,16,0,0
BRDA:222,16,1,2
BRDA:245,17,0,0
BRDA:245,17,1,0
BRDA:247,18,0,0
BRDA:247,18,1,0
BRDA:270,19,0,0
BRDA:270,19,1,1
BRDA:272,20,0,0
BRDA:272,20,1,0
BRDA:342,21,0,0
BRDA:342,21,1,0
BRDA:354,22,0,0
BRDA:354,22,1,0
BRDA:354,22,2,0
BRDA:354,22,3,0
BRDA:368,23,0,0
BRDA:368,23,1,0
BRDA:404,24,0,0
BRDA:404,24,1,0
BRDA:408,25,0,0
BRDA:408,25,1,0
BRDA:412,26,0,0
BRDA:412,26,1,0
BRDA:416,27,0,0
BRDA:416,27,1,0
BRDA:420,28,0,0
BRDA:420,28,1,0
BRDA:421,29,0,0
BRDA:421,29,1,0
BRDA:429,30,0,0
BRDA:429,30,1,0
BRDA:430,31,0,0
BRDA:430,31,1,0
BRDA:438,32,0,0
BRDA:438,32,1,0
BRDA:442,33,0,0
BRDA:442,33,1,0
BRDA:446,34,0,0
BRDA:446,34,1,0
BRDA:447,35,0,0
BRDA:447,35,1,0
BRDA:455,36,0,0
BRDA:455,36,1,0
BRDA:459,37,0,0
BRDA:459,37,1,0
BRDA:546,38,0,139
BRDA:546,38,1,10
BRDA:546,39,0,149
BRDA:546,39,1,142
BRDA:546,39,2,139
BRDA:561,40,0,0
BRDA:561,40,1,10
BRDA:561,41,0,10
BRDA:561,41,1,10
BRDA:571,42,0,0
BRDA:571,42,1,0
BRDA:596,43,0,1
BRDA:596,43,1,9
BRDA:608,44,0,3
BRDA:608,44,1,6
BRDA:663,45,0,3
BRDA:663,45,1,146
BRDA:672,46,0,0
BRDA:672,46,1,146
BRDA:675,47,0,0
BRDA:675,47,1,0
BRDA:675,48,0,0
BRDA:675,48,1,0
BRDA:689,49,0,5
BRDA:689,49,1,141
BRDA:689,50,0,146
BRDA:689,50,1,142
BRDA:689,50,2,141
BRDA:703,51,0,0
BRDA:703,51,1,149
BRDA:711,52,0,4
BRDA:711,52,1,145
BRDA:714,53,0,3
BRDA:714,53,1,1
BRDA:714,54,0,4
BRDA:714,54,1,1
BRDA:714,54,2,1
BRDA:724,55,0,10
BRDA:724,55,1,135
BRDA:728,56,0,1
BRDA:728,56,1,134
BRDA:732,57,0,0
BRDA:732,57,1,134
BRDA:736,58,0,2
BRDA:736,58,1,132
BRDA:740,59,0,0
BRDA:740,59,1,132
BRDA:744,60,0,1
BRDA:744,60,1,131
BRDA:749,61,0,0
BRDA:749,61,1,131
BRDA:765,62,0,3
BRDA:765,62,1,128
BRDA:809,63,0,0
BRDA:809,63,1,1
BRDA:841,64,0,1
BRDA:841,64,1,0
BRDA:845,65,0,0
BRDA:845,65,1,0
BRDA:849,66,0,0
BRDA:849,66,1,0
BRDA:853,67,0,0
BRDA:853,67,1,0
BRDA:857,68,0,0
BRDA:857,68,1,0
BRDA:862,69,0,0
BRDA:862,69,1,0
BRDA:867,70,0,0
BRDA:867,70,1,0
BRDA:871,71,0,0
BRDA:871,71,1,0
BRDA:876,72,0,0
BRDA:876,72,1,0
BRDA:881,73,0,0
BRDA:881,73,1,0
BRDA:885,74,0,0
BRDA:885,74,1,0
BRDA:906,75,0,0
BRDA:906,75,1,142
BRDA:909,76,0,1
BRDA:909,76,1,141
BRDA:909,77,0,142
BRDA:909,77,1,1
BRDA:917,78,0,3
BRDA:917,78,1,139
BRDA:917,79,0,142
BRDA:917,79,1,10
BRDA:919,80,0,3
BRDA:919,80,1,0
BRDA:924,81,0,0
BRDA:924,81,1,139
BRDA:929,82,0,0
BRDA:929,82,1,142
BRDA:931,83,0,0
BRDA:931,83,1,0
BRDA:932,84,0,0
BRDA:932,84,1,0
BRDA:935,85,0,0
BRDA:935,85,1,0
BRDA:948,86,0,0
BRDA:948,86,1,0
BRDA:956,87,0,1
BRDA:956,87,1,141
BRDA:957,88,0,1
BRDA:957,88,1,0
BRDA:975,89,0,9
BRDA:975,89,1,133
BRDA:975,90,0,142
BRDA:975,90,1,141
BRDA:980,91,0,10
BRDA:980,91,1,9
BRDA:985,92,0,1
BRDA:985,92,1,0
BRDA:991,93,0,0
BRDA:991,93,1,1
BRDA:1003,94,0,0
BRDA:1003,94,1,1
BRDA:1003,95,0,1
BRDA:1003,95,1,0
BRDA:1010,96,0,0
BRDA:1010,96,1,1
BRDA:1011,97,0,0
BRDA:1011,97,1,0
BRDA:1019,98,0,0
BRDA:1019,98,1,1
BRDA:1020,99,0,0
BRDA:1020,99,1,0
BRDA:1027,100,0,0
BRDA:1027,100,1,1
BRDA:1028,101,0,0
BRDA:1028,101,1,0
BRDA:1057,102,0,11
BRDA:1057,102,1,0
BRDA:1062,103,0,9
BRDA:1062,103,1,2
BRDA:1064,104,0,8
BRDA:1064,104,1,1
BRDA:1064,105,0,9
BRDA:1064,105,1,8
BRDA:1090,106,0,0
BRDA:1090,106,1,0
BRDA:1090,107,0,0
BRDA:1090,107,1,0
BRDA:1094,108,0,0
BRDA:1094,108,1,0
BRDA:1120,109,0,0
BRDA:1120,109,1,0
BRDA:1130,110,0,0
BRDA:1130,110,1,0
BRDA:1130,111,0,0
BRDA:1130,111,1,0
BRDA:1155,112,0,0
BRDA:1155,112,1,0
BRDA:1160,113,0,0
BRDA:1160,113,1,0
BRDA:1160,114,0,0
BRDA:1160,114,1,0
BRDA:1169,115,0,0
BRDA:1169,115,1,0
BRDA:1169,116,0,0
BRDA:1169,116,1,0
BRDA:1169,116,2,0
BRDA:1174,117,0,0
BRDA:1174,117,1,0
BRDA:1178,118,0,0
BRDA:1178,118,1,0
BRDA:1178,118,2,0
BRDA:1193,119,0,0
BRDA:1193,119,1,0
BRDA:1193,120,0,0
BRDA:1193,120,1,0
BRDA:1193,120,2,0
BRDA:1199,121,0,0
BRDA:1199,121,1,0
BRDA:1204,122,0,0
BRDA:1204,122,1,0
BRDA:1208,123,0,0
BRDA:1208,123,1,0
BRDA:1208,124,0,0
BRDA:1208,124,1,0
BRDA:1208,124,2,0
BRDA:1208,124,3,0
BRDA:1208,124,4,0
BRDA:1208,124,5,0
BRDA:1208,124,6,0
BRDA:1208,124,7,0
BRDA:1208,124,8,0
BRDA:1222,125,0,0
BRDA:1222,125,1,0
BRDA:1225,126,0,0
BRDA:1225,126,1,0
BRDA:1228,127,0,0
BRDA:1228,127,1,0
BRDA:1230,128,0,0
BRDA:1230,128,1,0
BRDA:1241,129,0,0
BRDA:1241,129,1,0
BRDA:1251,130,0,0
BRDA:1251,130,1,0
BRDA:1253,131,0,0
BRDA:1253,131,1,0
BRDA:1267,132,0,0
BRDA:1267,132,1,0
BRDA:1270,133,0,0
BRDA:1270,133,1,0
BRDA:1283,134,0,0
BRDA:1283,134,1,0
BRDA:1289,135,0,0
BRDA:1289,135,1,0
BRDA:1292,136,0,0
BRDA:1292,136,1,0
BRDA:1299,137,0,0
BRDA:1299,137,1,0
BRDA:1309,138,0,0
BRDA:1309,138,1,0
BRDA:1314,139,0,0
BRDA:1314,139,1,0
BRDA:1321,140,0,0
BRDA:1321,140,1,0
BRDA:1335,141,0,0
BRDA:1335,141,1,0
BRDA:1342,142,0,0
BRDA:1342,142,1,0
BRDA:1359,143,0,0
BRDA:1359,143,1,0
BRDA:1374,144,0,0
BRDA:1374,144,1,0
BRDA:1439,145,0,3
BRDA:1439,145,1,3505
BRDA:1446,146,0,3
BRDA:1446,146,1,0
BRDA:1446,147,0,3
BRDA:1446,147,1,3
BRF:309
BRH:106
end_of_record
TN:
SF:C:\Users\asus\Desktop\DWVDicomViewer-master\src\dicom\dictionary.js
FNF:0
FNH:0
DA:5,1
DA:6,1
DA:20,1
LF:3
LH:3
BRDA:5,1,0,1
BRDA:5,1,1,0
BRDA:6,2,0,1
BRDA:6,2,1,0
BRF:4
BRH:2
end_of_record
TN:
SF:C:\Users\asus\Desktop\DWVDicomViewer-master\src\gui\browser.js
FN:19,(anonymous_1)
FN:40,(anonymous_2)
FN:50,(anonymous_3)
FN:60,(anonymous_4)
FN:71,(anonymous_5)
FNF:5
FNH:1
FNDA:0,(anonymous_1)
FNDA:0,(anonymous_2)
FNDA:0,(anonymous_3)
FNDA:10,(anonymous_4)
FNDA:0,(anonymous_5)
DA:5,1
DA:12,1
DA:19,1
DA:22,0
DA:26,0
DA:28,0
DA:29,0
DA:32,0
DA:40,1
DA:42,0
DA:50,1
DA:52,0
DA:60,1
DA:62,10
DA:71,1
DA:73,0
DA:74,0
DA:76,0
DA:77,0
DA:78,0
DA:79,0
DA:82,0
DA:83,0
DA:84,0
DA:85,0
DA:88,0
DA:89,0
DA:90,0
DA:91,0
DA:94,0
DA:96,0
LF:31
LH:8
BRDA:5,1,0,1
BRDA:5,1,1,0
BRDA:12,2,0,1
BRDA:12,2,1,1
BRDA:22,3,0,0
BRDA:22,3,1,0
BRDA:22,3,2,0
BRDA:22,3,3,0
BRDA:26,4,0,0
BRDA:26,4,1,0
BRDA:42,5,0,0
BRDA:42,5,1,0
BRDA:52,6,0,0
BRDA:52,6,1,0
BRDA:76,7,0,0
BRDA:76,7,1,0
BRDA:82,8,0,0
BRDA:82,8,1,0
BRDA:88,9,0,0
BRDA:88,9,1,0
BRDA:94,10,0,0
BRDA:94,10,1,0
BRF:22
BRH:3
end_of_record
TN:
SF:C:\Users\asus\Desktop\DWVDicomViewer-master\src\gui\html.js
FN:21,(anonymous_1)
FN:47,(anonymous_2)
FN:68,(anonymous_3)
FN:102,(anonymous_4)
FN:152,(anonymous_5)
FN:175,(anonymous_6)
FN:189,(anonymous_7)
FN:194,(anonymous_8)
FN:210,(anonymous_9)
FN:243,(anonymous_10)
FN:272,(anonymous_11)
FN:314,(anonymous_12)
FN:328,(anonymous_13)
FN:341,(anonymous_14)
FN:353,(anonymous_15)
FN:369,(anonymous_16)
FN:414,(anonymous_17)
FN:434,(anonymous_18)
FN:520,(anonymous_19)
FN:523,(anonymous_20)
FN:529,(anonymous_21)
FN:550,(anonymous_22)
FN:600,(anonymous_23)
FN:611,(anonymous_24)
FN:628,(anonymous_25)
FN:643,(anonymous_26)
FNF:26
FNH:9
FNDA:18,(anonymous_1)
FNDA:5,(anonymous_2)
FNDA:5,(anonymous_3)
FNDA:5,(anonymous_4)
FNDA:10,(anonymous_5)
FNDA:4,(anonymous_6)
FNDA:0,(anonymous_7)
FNDA:0,(anonymous_8)
FNDA:0,(anonymous_9)
FNDA:0,(anonymous_10)
FNDA:0,(anonymous_11)
FNDA:0,(anonymous_12)
FNDA:0,(anonymous_13)
FNDA:0,(anonymous_14)
FNDA:0,(anonymous_15)
FNDA:0,(anonymous_16)
FNDA:14,(anonymous_17)
FNDA:13,(anonymous_18)
FNDA:0,(anonymous_19)
FNDA:0,(anonymous_20)
FNDA:0,(anonymous_21)
FNDA:1,(anonymous_22)
FNDA:0,(anonymous_23)
FNDA:0,(anonymous_24)
FNDA:0,(anonymous_25)
FNDA:0,(anonymous_26)
DA:5,1
DA:12,1
DA:21,1
DA:23,18
DA:24,18
DA:26,18
DA:30,0
DA:31,0
DA:32,0
DA:34,0
DA:37,18
DA:47,1
DA:49,5
DA:51,5
DA:52,4
DA:54,5
DA:55,5
DA:68,1
DA:70,5
DA:72,5
DA:73,12
DA:75,12
DA:80,8
DA:81,3
DA:83,8
DA:87,4
DA:102,1
DA:104,5
DA:105,5
DA:106,5
DA:107,10
DA:109,10
DA:114,8
DA:115,4
DA:117,8
DA:118,2
DA:120,8
DA:124,2
DA:130,5
DA:131,2
DA:132,2
DA:133,2
DA:134,1
DA:136,2
DA:137,4
DA:152,1
DA:155,10
DA:156,5
DA:159,5
DA:160,5
DA:163,0
DA:175,1
DA:177,4
DA:178,4
DA:179,4
DA:189,1
DA:191,0
DA:192,0
DA:193,0
DA:194,0
DA:195,0
DA:197,0
DA:199,0
DA:210,1
DA:212,0
DA:214,0
DA:217,0
DA:218,0
DA:219,0
DA:220,0
DA:221,0
DA:222,0
DA:223,0
DA:224,0
DA:226,0
DA:227,0
DA:230,0
DA:243,1
DA:244,0
DA:245,0
DA:247,0
DA:250,0
DA:255,0
DA:256,0
DA:258,0
DA:272,1
DA:273,0
DA:274,0
DA:276,0
DA:278,0
DA:279,0
DA:280,0
DA:282,0
DA:283,0
DA:285,0
DA:286,0
DA:288,0
DA:291,0
DA:295,0
DA:296,0
DA:298,0
DA:302,0
DA:314,1
DA:315,0
DA:316,0
DA:317,0
DA:318,0
DA:319,0
DA:328,1
DA:330,0
DA:331,0
DA:341,1
DA:343,0
DA:344,0
DA:347,0
DA:349,0
DA:350,0
DA:353,1
DA:354,0
DA:355,0
DA:369,1
DA:371,0
DA:373,0
DA:375,0
DA:376,0
DA:378,0
DA:380,0
DA:381,0
DA:382,0
DA:383,0
DA:386,0
DA:388,0
DA:390,0
DA:391,0
DA:392,0
DA:393,0
DA:398,0
DA:400,0
DA:414,1
DA:417,14
DA:419,14
DA:420,1
DA:423,13
DA:434,1
DA:436,13
DA:439,13
DA:440,13
DA:441,2
DA:445,13
DA:447,13
DA:448,13
DA:450,2
DA:454,11
DA:456,11
DA:457,11
DA:459,21
DA:461,6
DA:462,6
DA:466,11
DA:468,5
DA:472,6
DA:474,6
DA:477,6
DA:478,5
DA:480,6
DA:481,6
DA:483,12
DA:484,6
DA:485,4
DA:487,6
DA:488,6
DA:492,6
DA:493,6
DA:495,16
DA:496,16
DA:497,5
DA:499,16
DA:500,10
DA:503,16
DA:504,16
DA:509,13
DA:520,1
DA:523,0
DA:525,0
DA:529,0
DA:531,0
DA:532,0
DA:535,0
DA:536,0
DA:537,0
DA:538,0
DA:539,0
DA:540,0
DA:550,1
DA:552,1
DA:554,1
DA:555,1
DA:556,1
DA:558,1
DA:559,1
DA:560,0
DA:563,1
DA:564,1
DA:565,0
DA:567,1
DA:569,1
DA:570,1
DA:571,1
DA:573,1
DA:575,1
DA:577,1
DA:578,1
DA:579,0
DA:581,1
DA:582,2
DA:583,2
DA:587,2
DA:590,1
DA:600,1
DA:602,0
DA:611,1
DA:613,0
DA:614,0
DA:617,0
DA:628,1
DA:631,0
DA:633,0
DA:643,1
DA:645,0
DA:646,0
DA:648,0
DA:650,0
LF:232
LH:129
BRDA:5,1,0,1
BRDA:5,1,1,0
BRDA:12,2,0,1
BRDA:12,2,1,1
BRDA:26,3,0,0
BRDA:26,3,1,18
BRDA:26,4,0,18
BRDA:26,4,1,18
BRDA:26,4,2,18
BRDA:26,4,3,18
BRDA:30,5,0,0
BRDA:30,5,1,0
BRDA:51,6,0,4
BRDA:51,6,1,1
BRDA:51,7,0,5
BRDA:51,7,1,5
BRDA:75,8,0,8
BRDA:75,8,1,4
BRDA:75,9,0,12
BRDA:75,9,1,4
BRDA:75,9,2,4
BRDA:75,9,3,4
BRDA:75,9,4,4
BRDA:80,10,0,3
BRDA:80,10,1,5
BRDA:109,11,0,8
BRDA:109,11,1,2
BRDA:109,12,0,10
BRDA:109,12,1,4
BRDA:109,12,2,3
BRDA:109,12,3,3
BRDA:109,12,4,2
BRDA:114,13,0,4
BRDA:114,13,1,4
BRDA:117,14,0,2
BRDA:117,14,1,6
BRDA:117,15,0,8
BRDA:117,15,1,4
BRDA:130,16,0,2
BRDA:130,16,1,3
BRDA:133,17,0,1
BRDA:133,17,1,1
BRDA:155,18,0,5
BRDA:155,18,1,5
BRDA:159,19,0,5
BRDA:159,19,1,0
BRDA:223,20,0,0
BRDA:223,20,1,0
BRDA:226,21,0,0
BRDA:226,21,1,0
BRDA:247,22,0,0
BRDA:247,22,1,0
BRDA:247,23,0,0
BRDA:247,23,1,0
BRDA:247,23,2,0
BRDA:256,24,0,0
BRDA:256,24,1,0
BRDA:276,25,0,0
BRDA:276,25,1,0
BRDA:280,26,0,0
BRDA:280,26,1,0
BRDA:343,27,0,0
BRDA:343,27,1,0
BRDA:376,28,0,0
BRDA:376,28,1,0
BRDA:386,29,0,0
BRDA:386,29,1,0
BRDA:419,30,0,1
BRDA:419,30,1,13
BRDA:440,31,0,2
BRDA:440,31,1,11
BRDA:448,32,0,2
BRDA:448,32,1,11
BRDA:459,33,0,6
BRDA:459,33,1,15
BRDA:466,34,0,5
BRDA:466,34,1,6
BRDA:477,35,0,5
BRDA:477,35,1,1
BRDA:483,36,0,6
BRDA:483,36,1,6
BRDA:484,37,0,4
BRDA:484,37,1,2
BRDA:496,38,0,5
BRDA:496,38,1,11
BRDA:499,39,0,10
BRDA:499,39,1,6
BRDA:559,40,0,0
BRDA:559,40,1,1
BRDA:564,41,0,0
BRDA:564,41,1,1
BRDA:570,42,0,1
BRDA:570,42,1,0
BRDA:578,43,0,0
BRDA:578,43,1,1
BRDA:602,44,0,0
BRDA:602,44,1,0
BRDA:613,45,0,0
BRDA:613,45,1,0
BRF:99
BRH:65
end_of_record
TN:
SF:C:\Users\asus\Desktop\DWVDicomViewer-master\src\image\filter.js
FN:15,(anonymous_1)
FN:37,(anonymous_2)
FN:43,(anonymous_3)
FN:49,(anonymous_4)
FN:55,(anonymous_5)
FN:61,(anonymous_6)
FN:75,(anonymous_7)
FN:81,(anonymous_8)
FN:89,(anonymous_9)
FN:94,(anonymous_10)
FN:111,(anonymous_11)
FN:118,(anonymous_12)
FN:131,(anonymous_13)
FN:137,(anonymous_14)
FN:145,(anonymous_15)
FN:161,(anonymous_16)
FN:168,(anonymous_17)
FN:181,(anonymous_18)
FN:187,(anonymous_19)
FN:195,(anonymous_20)
FN:209,(anonymous_21)
FNF:21
FNH:0
FNDA:0,(anonymous_1)
FNDA:0,(anonymous_2)
FNDA:0,(anonymous_3)
FNDA:0,(anonymous_4)
FNDA:0,(anonymous_5)
FNDA:0,(anonymous_6)
FNDA:0,(anonymous_7)
FNDA:0,(anonymous_8)
FNDA:0,(anonymous_9)
FNDA:0,(anonymous_10)
FNDA:0,(anonymous_11)
FNDA:0,(anonymous_12)
FNDA:0,(anonymous_13)
FNDA:0,(anonymous_14)
FNDA:0,(anonymous_15)
FNDA:0,(anonymous_16)
FNDA:0,(anonymous_17)
FNDA:0,(anonymous_18)
FNDA:0,(anonymous_19)
FNDA:0,(anonymous_20)
FNDA:0,(anonymous_21)
DA:5,1
DA:6,1
DA:7,1
DA:15,1
DA:23,0
DA:30,0
DA:37,0
DA:43,0
DA:49,0
DA:55,0
DA:61,0
DA:69,0
DA:75,0
DA:81,0
DA:89,1
DA:91,0
DA:92,0
DA:93,0
DA:94,0
DA:95,0
DA:96,0
DA:99,0
DA:102,0
DA:111,1
DA:118,0
DA:125,0
DA:131,0
DA:137,0
DA:145,1
DA:147,0
DA:149,0
DA:161,1
DA:168,0
DA:175,0
DA:181,0
DA:187,0
DA:195,1
DA:197,0
DA:199,0
DA:204,0
DA:209,0
LF:41
LH:9
BRDA:5,1,0,1
BRDA:5,1,1,0
BRDA:6,2,0,1
BRDA:6,2,1,1
BRDA:7,3,0,1
BRDA:7,3,1,1
BRDA:95,4,0,0
BRDA:95,4,1,0
BRDA:95,5,0,0
BRDA:95,5,1,0
BRF:10
BRH:5
end_of_record
TN:
SF:C:\Users\asus\Desktop\DWVDicomViewer-master\src\image\geometry.js
FN:17,(anonymous_1)
FN:24,(anonymous_2)
FN:30,(anonymous_3)
FN:36,(anonymous_4)
FN:44,(anonymous_5)
FN:53,(anonymous_6)
FN:63,(anonymous_7)
FN:78,(anonymous_8)
FN:96,(anonymous_9)
FN:103,(anonymous_10)
FN:109,(anonymous_11)
FN:115,(anonymous_12)
FN:124,(anonymous_13)
FN:140,(anonymous_14)
FN:153,(anonymous_15)
FN:159,(anonymous_16)
FN:165,(anonymous_17)
FN:171,(anonymous_18)
FN:178,(anonymous_19)
FN:206,(anonymous_20)
FN:225,(anonymous_21)
FN:236,(anonymous_22)
FN:247,(anonymous_23)
FN:260,(anonymous_24)
FNF:24
FNH:20
FNDA:19,(anonymous_1)
FNDA:49474,(anonymous_2)
FNDA:16630,(anonymous_3)
FNDA:100,(anonymous_4)
FNDA:16472,(anonymous_5)
FNDA:23,(anonymous_6)
FNDA:3,(anonymous_7)
FNDA:4,(anonymous_8)
FNDA:11,(anonymous_9)
FNDA:7,(anonymous_10)
FNDA:5,(anonymous_11)
FNDA:5,(anonymous_12)
FNDA:3,(anonymous_13)
FNDA:13,(anonymous_14)
FNDA:6,(anonymous_15)
FNDA:3,(anonymous_16)
FNDA:16523,(anonymous_17)
FNDA:0,(anonymous_18)
FNDA:3,(anonymous_19)
FNDA:6,(anonymous_20)
FNDA:0,(anonymous_21)
FNDA:16440,(anonymous_22)
FNDA:0,(anonymous_23)
FNDA:0,(anonymous_24)
DA:5,1
DA:6,1
DA:17,1
DA:24,49474
DA:30,16630
DA:36,100
DA:44,1
DA:45,16472
DA:53,1
DA:54,23
DA:63,1
DA:64,3
DA:78,1
DA:79,4
DA:82,2
DA:84,2
DA:96,1
DA:103,11
DA:109,11
DA:115,11
DA:124,1
DA:125,3
DA:140,1
DA:143,13
DA:144,0
DA:146,13
DA:153,13
DA:159,13
DA:165,16523
DA:171,13
DA:178,13
DA:184,3
DA:185,3
DA:186,3
DA:187,3
DA:189,6
DA:190,6
DA:192,1
DA:193,1
DA:196,3
DA:197,3
DA:198,3
DA:206,13
DA:209,6
DA:211,6
DA:225,1
DA:226,0
DA:236,1
DA:237,16440
DA:238,16440
DA:247,1
DA:248,0
DA:249,0
DA:250,0
DA:260,1
DA:261,0
DA:262,0
DA:263,0
LF:58
LH:50
BRDA:5,1,0,1
BRDA:5,1,1,0
BRDA:6,2,0,1
BRDA:6,2,1,0
BRDA:36,3,0,100
BRDA:36,3,1,0
BRDA:64,4,0,3
BRDA:64,4,1,3
BRDA:64,4,2,2
BRDA:64,4,3,2
BRDA:79,5,0,2
BRDA:79,5,1,2
BRDA:79,6,0,4
BRDA:79,6,1,3
BRDA:79,6,2,2
BRDA:79,6,3,2
BRDA:79,6,4,2
BRDA:79,6,5,2
BRDA:115,7,0,5
BRDA:115,7,1,0
BRDA:125,8,0,3
BRDA:125,8,1,3
BRDA:125,8,2,2
BRDA:125,8,3,2
BRDA:143,9,0,0
BRDA:143,9,1,13
BRDA:190,10,0,1
BRDA:190,10,1,5
BRDA:197,11,0,1
BRDA:197,11,1,2
BRDA:226,12,0,0
BRDA:226,12,1,0
BRDA:226,12,2,0
BRDA:226,12,3,0
BRF:34
BRH:25
end_of_record
TN:
SF:C:\Users\asus\Desktop\DWVDicomViewer-master\src\image\image.js
FN:16,(anonymous_1)
FN:32,(anonymous_2)
FN:41,(anonymous_3)
FN:50,(anonymous_4)
FN:62,(anonymous_5)
FN:73,(anonymous_6)
FN:89,(anonymous_7)
FN:165,(anonymous_8)
FN:171,(anonymous_9)
FN:178,(anonymous_10)
FN:184,(anonymous_11)
FN:195,(anonymous_12)
FN:201,(anonymous_13)
FN:207,(anonymous_14)
FN:213,(anonymous_15)
FN:219,(anonymous_16)
FN:226,(anonymous_17)
FN:232,(anonymous_18)
FN:240,(anonymous_19)
FN:249,(anonymous_20)
FN:267,(anonymous_21)
FN:339,(anonymous_22)
FN:351,(anonymous_23)
FN:363,(anonymous_24)
FN:383,(anonymous_25)
FN:398,(anonymous_26)
FN:408,(anonymous_27)
FN:428,(anonymous_28)
FN:452,(anonymous_29)
FN:495,(anonymous_30)
FN:646,(anonymous_31)
FN:665,(anonymous_32)
FN:683,(anonymous_33)
FN:697,(anonymous_34)
FN:723,(anonymous_35)
FN:737,(anonymous_36)
FN:746,(anonymous_37)
FNF:37
FNH:28
FNDA:24,(anonymous_1)
FNDA:10,(anonymous_2)
FNDA:10,(anonymous_3)
FNDA:17691,(anonymous_4)
FNDA:0,(anonymous_5)
FNDA:10,(anonymous_6)
FNDA:20,(anonymous_7)
FNDA:16467,(anonymous_8)
FNDA:7,(anonymous_9)
FNDA:16428,(anonymous_10)
FNDA:5,(anonymous_11)
FNDA:12,(anonymous_12)
FNDA:6,(anonymous_13)
FNDA:9,(anonymous_14)
FNDA:5,(anonymous_15)
FNDA:2,(anonymous_16)
FNDA:9,(anonymous_17)
FNDA:9,(anonymous_18)
FNDA:49461,(anonymous_19)
FNDA:4,(anonymous_20)
FNDA:4,(anonymous_21)
FNDA:0,(anonymous_22)
FNDA:2,(anonymous_23)
FNDA:1,(anonymous_24)
FNDA:16440,(anonymous_25)
FNDA:16395,(anonymous_26)
FNDA:0,(anonymous_27)
FNDA:2,(anonymous_28)
FNDA:1,(anonymous_29)
FNDA:2,(anonymous_30)
FNDA:2,(anonymous_31)
FNDA:0,(anonymous_32)
FNDA:0,(anonymous_33)
FNDA:0,(anonymous_34)
FNDA:0,(anonymous_35)
FNDA:0,(anonymous_36)
FNDA:0,(anonymous_37)
DA:5,1
DA:6,1
DA:16,1
DA:32,24
DA:34,10
DA:41,24
DA:43,10
DA:50,24
DA:52,17691
DA:62,1
DA:63,0
DA:73,1
DA:74,10
DA:89,1
DA:97,20
DA:98,20
DA:99,23
DA:107,20
DA:114,20
DA:121,20
DA:128,20
DA:136,20
DA:144,20
DA:151,20
DA:158,20
DA:165,16467
DA:171,20
DA:178,16428
DA:184,20
DA:185,5
DA:186,1
DA:188,5
DA:195,20
DA:201,20
DA:207,20
DA:213,20
DA:219,20
DA:226,20
DA:232,20
DA:240,20
DA:241,49461
DA:249,20
DA:251,4
DA:252,4
DA:253,4
DA:254,4
DA:256,4
DA:257,4
DA:258,4
DA:259,4
DA:267,20
DA:270,4
DA:271,1
DA:273,3
DA:274,3
DA:275,3
DA:276,0
DA:278,3
DA:279,0
DA:281,3
DA:282,0
DA:284,3
DA:285,0
DA:288,3
DA:289,0
DA:290,0
DA:295,3
DA:296,3
DA:297,0
DA:299,3
DA:302,3
DA:305,3
DA:306,3
DA:308,1
DA:309,1
DA:311,2
DA:313,1
DA:314,1
DA:318,1
DA:319,1
DA:320,1
DA:321,1
DA:325,3
DA:327,3
DA:330,3
DA:331,3
DA:339,20
DA:340,0
DA:341,0
DA:343,0
DA:351,20
DA:352,2
DA:353,2
DA:355,2
DA:363,20
DA:364,1
DA:365,1
DA:366,1
DA:367,1
DA:368,1
DA:370,1
DA:383,1
DA:385,16440
DA:386,16440
DA:398,1
DA:400,16395
DA:408,1
DA:410,0
DA:411,0
DA:412,0
DA:413,0
DA:414,0
DA:415,0
DA:416,0
DA:417,0
DA:420,0
DA:428,1
DA:430,2
DA:431,2
DA:432,2
DA:433,2
DA:434,2
DA:435,2
DA:436,130
DA:437,16388
DA:438,16388
DA:439,16388
DA:444,2
DA:452,1
DA:454,1
DA:455,1
DA:456,1
DA:457,1
DA:458,1
DA:459,1
DA:460,1
DA:461,1
DA:462,1
DA:463,1
DA:464,4
DA:465,16
DA:466,16
DA:467,16
DA:468,16
DA:469,16
DA:470,16
DA:471,16
DA:476,1
DA:477,1
DA:479,1
DA:480,1
DA:481,16
DA:484,1
DA:495,1
DA:497,2
DA:498,0
DA:501,2
DA:502,2
DA:504,2
DA:505,2
DA:506,2
DA:507,2
DA:508,2
DA:511,2
DA:512,2
DA:513,2
DA:515,0
DA:517,0
DA:521,0
DA:529,2
DA:530,2
DA:531,2
DA:532,2
DA:538,2
DA:539,2
DA:540,2
DA:541,2
DA:543,2
DA:544,2
DA:545,2
DA:546,2
DA:548,2
DA:549,2
DA:550,2
DA:551,2
DA:554,2
DA:555,2
DA:556,2
DA:557,2
DA:560,2
DA:561,2
DA:562,2
DA:563,2
DA:566,2
DA:567,2
DA:568,2
DA:569,2
DA:571,2
DA:572,2
DA:573,2
DA:574,2
DA:576,2
DA:577,2
DA:578,2
DA:579,2
DA:585,2
DA:586,2
DA:587,2
DA:589,2
DA:591,2
DA:592,2
DA:593,2
DA:594,6
DA:595,18
DA:597,18
DA:598,2
DA:600,16
DA:601,2
DA:603,14
DA:604,2
DA:606,12
DA:607,2
DA:609,10
DA:610,2
DA:612,8
DA:613,2
DA:615,6
DA:616,2
DA:618,4
DA:619,2
DA:624,18
DA:625,18
DA:627,162
DA:629,18
DA:631,18
DA:636,2
DA:646,1
DA:648,2
DA:649,2
DA:650,2
DA:652,18
DA:654,2
DA:665,1
DA:667,0
DA:668,0
DA:669,0
DA:672,0
DA:674,0
DA:683,1
DA:685,0
DA:686,0
DA:688,0
DA:697,1
DA:699,0
DA:700,0
DA:702,0
DA:703,0
DA:704,0
DA:705,0
DA:706,0
DA:707,0
DA:708,0
DA:709,0
DA:712,0
DA:713,0
DA:723,1
DA:725,0
DA:726,0
DA:728,0
DA:737,1
DA:746,1
DA:749,0
DA:750,0
DA:751,0
DA:754,0
DA:755,0
DA:756,0
DA:759,0
DA:762,0
DA:763,0
DA:765,0
DA:767,0
DA:768,0
DA:769,0
DA:770,0
DA:772,0
DA:773,0
DA:774,0
DA:777,0
DA:780,0
DA:781,0
DA:782,0
DA:785,0
DA:787,0
DA:788,0
DA:790,0
DA:791,0
DA:792,0
DA:793,0
DA:794,0
DA:800,0
DA:802,0
DA:803,0
DA:804,0
DA:810,0
DA:811,0
DA:814,0
DA:816,0
DA:817,0
DA:818,0
DA:819,0
DA:820,0
DA:822,0
DA:825,0
DA:826,0
DA:827,0
DA:831,0
DA:833,0
DA:834,0
DA:835,0
DA:837,0
DA:839,0
DA:840,0
DA:841,0
DA:843,0
DA:844,0
DA:847,0
DA:849,0
DA:850,0
DA:851,0
DA:854,0
DA:855,0
DA:856,0
DA:859,0
DA:860,0
DA:861,0
DA:864,0
DA:865,0
DA:866,0
DA:868,0
DA:870,0
LF:341
LH:224
BRDA:5,1,0,1
BRDA:5,1,1,0
BRDA:6,2,0,1
BRDA:6,2,1,0
BRDA:63,3,0,0
BRDA:63,3,1,0
BRDA:63,3,2,0
BRDA:185,4,0,1
BRDA:185,4,1,4
BRDA:270,5,0,1
BRDA:270,5,1,3
BRDA:275,6,0,0
BRDA:275,6,1,3
BRDA:278,7,0,0
BRDA:278,7,1,3
BRDA:281,8,0,0
BRDA:281,8,1,3
BRDA:284,9,0,0
BRDA:284,9,1,3
BRDA:289,10,0,0
BRDA:289,10,1,0
BRDA:296,11,0,0
BRDA:296,11,1,3
BRDA:306,12,0,1
BRDA:306,12,1,2
BRDA:311,13,0,1
BRDA:311,13,1,1
BRDA:340,14,0,0
BRDA:340,14,1,0
BRDA:352,15,0,2
BRDA:352,15,1,0
BRDA:364,16,0,1
BRDA:364,16,1,0
BRDA:416,17,0,0
BRDA:416,17,1,0
BRDA:417,18,0,0
BRDA:417,18,1,0
BRDA:438,19,0,16386
BRDA:438,19,1,2
BRDA:439,20,0,0
BRDA:439,20,1,16388
BRDA:466,21,0,15
BRDA:466,21,1,1
BRDA:467,22,0,0
BRDA:467,22,1,16
BRDA:469,23,0,15
BRDA:469,23,1,1
BRDA:470,24,0,0
BRDA:470,24,1,16
BRDA:471,25,0,16
BRDA:471,25,1,16
BRDA:481,26,0,16
BRDA:481,26,1,0
BRDA:497,27,0,0
BRDA:497,27,1,2
BRDA:513,28,0,0
BRDA:513,28,1,2
BRDA:515,29,0,0
BRDA:515,29,1,0
BRDA:597,30,0,2
BRDA:597,30,1,16
BRDA:597,31,0,18
BRDA:597,31,1,6
BRDA:600,32,0,2
BRDA:600,32,1,14
BRDA:600,33,0,16
BRDA:600,33,1,4
BRDA:603,34,0,2
BRDA:603,34,1,12
BRDA:603,35,0,14
BRDA:603,35,1,6
BRDA:606,36,0,2
BRDA:606,36,1,10
BRDA:606,37,0,12
BRDA:606,37,1,4
BRDA:609,38,0,2
BRDA:609,38,1,8
BRDA:609,39,0,10
BRDA:609,39,1,2
BRDA:609,39,2,2
BRDA:612,40,0,2
BRDA:612,40,1,6
BRDA:612,41,0,8
BRDA:612,41,1,2
BRDA:612,41,2,2
BRDA:615,42,0,2
BRDA:615,42,1,4
BRDA:615,43,0,6
BRDA:615,43,1,6
BRDA:615,43,2,6
BRDA:618,44,0,2
BRDA:618,44,1,2
BRDA:618,45,0,4
BRDA:618,45,1,4
BRDA:618,45,2,4
BRDA:750,46,0,0
BRDA:750,46,1,0
BRDA:755,47,0,0
BRDA:755,47,1,0
BRDA:768,48,0,0
BRDA:768,48,1,0
BRDA:768,49,0,0
BRDA:768,49,1,0
BRDA:768,49,2,0
BRDA:772,50,0,0
BRDA:772,50,1,0
BRDA:772,51,0,0
BRDA:772,51,1,0
BRDA:772,51,2,0
BRDA:788,52,0,0
BRDA:788,52,1,0
BRDA:793,53,0,0
BRDA:793,53,1,0
BRDA:803,54,0,0
BRDA:803,54,1,0
BRDA:817,55,0,0
BRDA:817,55,1,0
BRDA:819,56,0,0
BRDA:819,56,1,0
BRDA:819,57,0,0
BRDA:819,57,1,0
BRDA:826,58,0,0
BRDA:826,58,1,0
BRDA:834,59,0,0
BRDA:834,59,1,0
BRDA:840,60,0,0
BRDA:840,60,1,0
BRDA:850,61,0,0
BRDA:850,61,1,0
BRDA:855,62,0,0
BRDA:855,62,1,0
BRDA:860,63,0,0
BRDA:860,63,1,0
BRDA:865,64,0,0
BRDA:865,64,1,0
BRF:135
BRH:67
end_of_record
TN:
SF:C:\Users\asus\Desktop\DWVDicomViewer-master\src\image\luts.js
FN:16,(anonymous_1)
FN:31,(anonymous_2)
FN:38,(anonymous_3)
FN:52,(anonymous_4)
FN:59,(anonymous_5)
FN:70,(anonymous_6)
FN:117,(anonymous_7)
FN:123,(anonymous_8)
FN:129,(anonymous_9)
FN:135,(anonymous_10)
FN:143,(anonymous_11)
FN:155,(anonymous_12)
FN:209,(anonymous_13)
FN:216,(anonymous_14)
FN:229,(anonymous_15)
FN:238,(anonymous_16)
FN:243,(anonymous_17)
FN:251,(anonymous_18)
FN:260,(anonymous_19)
FN:268,(anonymous_20)
FN:277,(anonymous_21)
FN:290,(anonymous_22)
FN:303,(anonymous_23)
FN:308,(anonymous_24)
FN:313,(anonymous_25)
FNF:25
FNH:17
FNDA:5,(anonymous_1)
FNDA:5,(anonymous_2)
FNDA:5,(anonymous_3)
FNDA:5,(anonymous_4)
FNDA:1280,(anonymous_5)
FNDA:5,(anonymous_6)
FNDA:0,(anonymous_7)
FNDA:0,(anonymous_8)
FNDA:0,(anonymous_9)
FNDA:5,(anonymous_10)
FNDA:8,(anonymous_11)
FNDA:5,(anonymous_12)
FNDA:0,(anonymous_13)
FNDA:32796,(anonymous_14)
FNDA:12,(anonymous_15)
FNDA:0,(anonymous_16)
FNDA:0,(anonymous_17)
FNDA:0,(anonymous_18)
FNDA:0,(anonymous_19)
FNDA:256,(anonymous_20)
FNDA:256,(anonymous_21)
FNDA:256,(anonymous_22)
FNDA:512,(anonymous_23)
FNDA:1024,(anonymous_24)
FNDA:768,(anonymous_25)
DA:5,1
DA:6,1
DA:7,1
DA:16,1
DA:24,5
DA:31,5
DA:38,5
DA:40,5
DA:41,5
DA:42,5
DA:43,1280
DA:52,5
DA:59,1280
DA:70,1
DA:79,5
DA:82,5
DA:83,5
DA:86,0
DA:95,5
DA:102,5
DA:110,5
DA:117,5
DA:123,5
DA:129,5
DA:135,5
DA:143,5
DA:146,8
DA:147,8
DA:148,8
DA:155,5
DA:157,5
DA:158,0
DA:161,5
DA:162,5
DA:163,5
DA:164,0
DA:166,5
DA:167,5
DA:168,5
DA:170,5
DA:171,5
DA:172,5
DA:176,1280
DA:177,1280
DA:178,1280
DA:179,324
DA:181,956
DA:182,255
DA:185,701
DA:193,0
DA:197,0
DA:198,0
DA:201,5
DA:209,5
DA:216,5
DA:218,32796
DA:219,32796
DA:227,1
DA:229,1
DA:231,12
DA:232,12
DA:233,3072
DA:235,12
DA:238,1
DA:240,0
DA:243,1
DA:245,0
DA:246,0
DA:248,0
DA:251,1
DA:253,0
DA:254,0
DA:255,0
DA:257,0
DA:260,1
DA:262,0
DA:263,0
DA:265,0
DA:268,1
DA:270,256
DA:271,256
DA:272,170
DA:274,86
DA:277,1
DA:279,256
DA:280,256
DA:281,256
DA:282,170
DA:283,170
DA:284,85
DA:287,171
DA:290,1
DA:292,256
DA:293,256
DA:294,256
DA:295,85
DA:296,85
DA:297,0
DA:300,256
DA:303,1
DA:305,512
DA:308,1
DA:310,1024
DA:313,1
DA:315,768
DA:319,1
DA:326,1
DA:333,1
DA:340,1
DA:347,1
DA:354,1
DA:361,1
DA:368,1
DA:375,1
LF:114
LH:96
BRDA:5,1,0,1
BRDA:5,1,1,0
BRDA:6,2,0,1
BRDA:6,2,1,0
BRDA:7,3,0,1
BRDA:7,3,1,1
BRDA:82,4,0,5
BRDA:82,4,1,0
BRDA:157,5,0,0
BRDA:157,5,1,5
BRDA:163,6,0,0
BRDA:163,6,1,5
BRDA:168,7,0,5
BRDA:168,7,1,0
BRDA:178,8,0,324
BRDA:178,8,1,956
BRDA:181,9,0,255
BRDA:181,9,1,701
BRDA:218,10,0,0
BRDA:218,10,1,32796
BRDA:245,11,0,0
BRDA:245,11,1,0
BRDA:254,12,0,0
BRDA:254,12,1,0
BRDA:254,13,0,0
BRDA:254,13,1,0
BRDA:262,14,0,0
BRDA:262,14,1,0
BRDA:271,15,0,170
BRDA:271,15,1,86
BRDA:281,16,0,170
BRDA:281,16,1,86
BRDA:283,17,0,85
BRDA:283,17,1,85
BRDA:294,18,0,85
BRDA:294,18,1,171
BRDA:296,19,0,0
BRDA:296,19,1,85
BRF:38
BRH:22
end_of_record
TN:
SF:C:\Users\asus\Desktop\DWVDicomViewer-master\src\image\reader.js
FN:21,(anonymous_1)
FN:78,(anonymous_2)
FNF:2
FNH:0
FNDA:0,(anonymous_1)
FNDA:0,(anonymous_2)
DA:5,1
DA:12,1
DA:21,1
DA:24,0
DA:25,0
DA:26,0
DA:27,0
DA:28,0
DA:30,0
DA:33,0
DA:34,0
DA:35,0
DA:36,0
DA:37,0
DA:38,0
DA:39,0
DA:42,0
DA:44,0
DA:45,0
DA:46,0
DA:47,0
DA:48,0
DA:49,0
DA:51,0
DA:52,0
DA:53,0
DA:55,0
DA:56,0
DA:58,0
DA:59,0
DA:61,0
DA:62,0
DA:63,0
DA:65,0
DA:66,0
DA:68,0
DA:78,1
DA:81,0
DA:83,0
DA:85,0
DA:86,0
DA:88,0
LF:42
LH:4
BRDA:5,1,0,1
BRDA:5,1,1,0
BRDA:12,2,0,1
BRDA:12,2,1,0
BRDA:45,3,0,0
BRDA:45,3,1,0
BRDA:59,4,0,0
BRDA:59,4,1,0
BRF:8
BRH:2
end_of_record
TN:
SF:C:\Users\asus\Desktop\DWVDicomViewer-master\src\image\view.js
FN:18,(anonymous_1)
FN:55,(anonymous_2)
FN:61,(anonymous_3)
FN:68,(anonymous_4)
FN:80,(anonymous_5)
FN:93,initialise
FN:113,(anonymous_7)
FN:119,(anonymous_8)
FN:129,(anonymous_9)
FN:135,(anonymous_10)
FN:151,(anonymous_11)
FN:158,(anonymous_12)
FN:167,(anonymous_13)
FN:197,(anonymous_14)
FN:212,(anonymous_15)
FN:228,(anonymous_16)
FN:250,(anonymous_17)
FN:256,(anonymous_18)
FN:264,(anonymous_19)
FN:282,(anonymous_20)
FN:367,(anonymous_21)
FN:382,(anonymous_22)
FN:401,(anonymous_23)
FN:419,(anonymous_24)
FN:428,(anonymous_25)
FNF:25
FNH:14
FNDA:5,(anonymous_1)
FNDA:7,(anonymous_2)
FNDA:0,(anonymous_3)
FNDA:5,(anonymous_4)
FNDA:5,(anonymous_5)
FNDA:5,initialise
FNDA:0,(anonymous_7)
FNDA:0,(anonymous_8)
FNDA:5,(anonymous_9)
FNDA:0,(anonymous_10)
FNDA:0,(anonymous_11)
FNDA:10,(anonymous_12)
FNDA:0,(anonymous_13)
FNDA:0,(anonymous_14)
FNDA:8,(anonymous_15)
FNDA:0,(anonymous_16)
FNDA:12,(anonymous_17)
FNDA:0,(anonymous_18)
FNDA:2,(anonymous_19)
FNDA:5,(anonymous_20)
FNDA:2,(anonymous_21)
FNDA:2,(anonymous_22)
FNDA:8,(anonymous_23)
FNDA:0,(anonymous_24)
FNDA:0,(anonymous_25)
DA:5,1
DA:6,1
DA:18,1
DA:26,5
DA:34,5
DA:41,5
DA:48,5
DA:55,7
DA:61,5
DA:68,5
DA:69,5
DA:70,5
DA:71,5
DA:73,5
DA:80,5
DA:82,5
DA:83,5
DA:86,5
DA:93,1
DA:96,5
DA:99,5
DA:101,5
DA:102,5
DA:106,5
DA:113,5
DA:119,5
DA:120,0
DA:121,0
DA:129,5
DA:135,5
DA:136,0
DA:138,0
DA:139,0
DA:141,0
DA:151,5
DA:158,5
DA:160,10
DA:167,5
DA:168,0
DA:169,0
DA:171,0
DA:172,0
DA:174,0
DA:176,0
DA:182,0
DA:186,0
DA:187,0
DA:189,0
DA:197,5
DA:200,0
DA:202,0
DA:212,5
DA:215,8
DA:216,8
DA:217,8
DA:219,8
DA:228,5
DA:230,0
DA:231,0
DA:232,0
DA:234,0
DA:235,0
DA:244,5
DA:250,12
DA:256,5
DA:264,1
DA:267,2
DA:268,2
DA:269,2
DA:270,2
DA:271,2
DA:273,2
DA:282,1
DA:284,5
DA:285,5
DA:286,5
DA:287,5
DA:288,5
DA:289,5
DA:290,5
DA:291,5
DA:292,5
DA:293,5
DA:294,5
DA:295,5
DA:299,3
DA:300,3
DA:301,3
DA:303,32772
DA:305,32772
DA:306,32772
DA:307,32772
DA:308,32772
DA:309,32772
DA:311,3
DA:315,2
DA:316,0
DA:318,2
DA:320,2
DA:321,2
DA:322,2
DA:323,2
DA:325,2
DA:326,1
DA:327,1
DA:328,1
DA:329,1
DA:332,2
DA:333,2
DA:334,2
DA:335,2
DA:337,8
DA:339,8
DA:341,8
DA:344,8
DA:345,8
DA:346,8
DA:347,8
DA:348,8
DA:350,8
DA:351,8
DA:352,8
DA:354,2
DA:357,0
DA:367,1
DA:369,2
DA:370,2
DA:371,1
DA:373,2
DA:382,1
DA:384,2
DA:385,2
DA:386,0
DA:388,2
DA:390,3
DA:391,2
DA:401,1
DA:403,8
DA:404,8
DA:405,5
DA:407,3
DA:409,3
DA:419,1
DA:428,1
DA:431,0
DA:432,0
DA:435,0
DA:436,0
DA:437,0
DA:438,0
DA:441,0
DA:443,0
DA:445,0
DA:446,0
DA:447,0
DA:448,0
DA:449,0
DA:450,0
DA:451,0
DA:452,0
DA:453,0
DA:454,0
DA:455,0
DA:456,0
DA:458,0
DA:466,0
DA:467,0
DA:470,0
DA:473,0
LF:169
LH:118
BRDA:5,1,0,1
BRDA:5,1,1,0
BRDA:6,2,0,1
BRDA:6,2,1,0
BRDA:69,3,0,5
BRDA:69,3,1,0
BRDA:138,4,0,0
BRDA:138,4,1,0
BRDA:168,5,0,0
BRDA:168,5,1,0
BRDA:174,6,0,0
BRDA:174,6,1,0
BRDA:186,7,0,0
BRDA:186,7,1,0
BRDA:215,8,0,8
BRDA:215,8,1,0
BRDA:295,9,0,0
BRDA:295,9,1,3
BRDA:295,9,2,2
BRDA:295,9,3,0
BRDA:299,10,0,3
BRDA:299,10,1,3
BRDA:315,11,0,0
BRDA:315,11,1,2
BRDA:315,12,0,2
BRDA:315,12,1,1
BRDA:318,13,0,2
BRDA:318,13,1,2
BRDA:325,14,0,1
BRDA:325,14,1,1
BRDA:370,15,0,1
BRDA:370,15,1,1
BRDA:385,16,0,0
BRDA:385,16,1,2
BRDA:390,17,0,2
BRDA:390,17,1,1
BRDA:404,18,0,5
BRDA:404,18,1,3
BRDA:437,19,0,0
BRDA:437,19,1,0
BRDA:447,20,0,0
BRDA:447,20,1,0
BRDA:447,21,0,0
BRDA:447,21,1,0
BRDA:452,22,0,0
BRDA:452,22,1,0
BRDA:455,23,0,0
BRDA:455,23,1,0
BRDA:466,24,0,0
BRDA:466,24,1,0
BRF:50
BRH:22
end_of_record
TN:
SF:C:\Users\asus\Desktop\DWVDicomViewer-master\src\math\point.js
FN:22,(anonymous_1)
FN:29,(anonymous_2)
FN:35,(anonymous_3)
FN:44,(anonymous_4)
FN:55,(anonymous_5)
FN:67,(anonymous_6)
FN:79,(anonymous_7)
FN:90,(anonymous_8)
FN:103,(anonymous_9)
FN:110,(anonymous_10)
FN:116,(anonymous_11)
FN:122,(anonymous_12)
FN:131,(anonymous_13)
FN:143,(anonymous_14)
FN:158,(anonymous_15)
FN:165,(anonymous_16)
FN:171,(anonymous_17)
FN:177,(anonymous_18)
FN:186,(anonymous_19)
FN:198,(anonymous_20)
FNF:20
FNH:14
FNDA:24,(anonymous_1)
FNDA:39,(anonymous_2)
FNDA:37,(anonymous_3)
FNDA:6,(anonymous_4)
FNDA:1,(anonymous_5)
FNDA:3,(anonymous_6)
FNDA:3,(anonymous_7)
FNDA:1,(anonymous_8)
FNDA:23,(anonymous_9)
FNDA:0,(anonymous_10)
FNDA:0,(anonymous_11)
FNDA:24,(anonymous_12)
FNDA:0,(anonymous_13)
FNDA:0,(anonymous_14)
FNDA:16440,(anonymous_15)
FNDA:16440,(anonymous_16)
FNDA:16440,(anonymous_17)
FNDA:16440,(anonymous_18)
FNDA:0,(anonymous_19)
FNDA:0,(anonymous_20)
DA:5,1
DA:12,1
DA:22,1
DA:29,39
DA:35,37
DA:44,1
DA:45,6
DA:55,1
DA:56,1
DA:67,1
DA:69,3
DA:70,3
DA:79,1
DA:80,3
DA:90,1
DA:91,1
DA:103,1
DA:110,23
DA:116,23
DA:122,24
DA:131,1
DA:132,0
DA:143,1
DA:144,0
DA:158,1
DA:165,16440
DA:171,16440
DA:177,16440
DA:186,1
DA:187,0
DA:198,1
DA:199,0
LF:32
LH:28
BRDA:5,1,0,1
BRDA:5,1,1,0
BRDA:12,2,0,1
BRDA:12,2,1,1
BRDA:45,3,0,6
BRDA:45,3,1,5
BRDA:45,3,2,4
BRDA:80,4,0,3
BRDA:80,4,1,2
BRDA:80,4,2,1
BRDA:132,5,0,0
BRDA:132,5,1,0
BRDA:132,5,2,0
BRDA:132,5,3,0
BRDA:187,6,0,0
BRDA:187,6,1,0
BRDA:187,6,2,0
BRDA:187,6,3,0
BRF:18
BRH:9
end_of_record
TN:
SF:C:\Users\asus\Desktop\DWVDicomViewer-master\src\math\shapes.js
FN:22,(anonymous_1)
FN:37,(anonymous_2)
FN:43,(anonymous_3)
FN:49,(anonymous_4)
FN:57,(anonymous_5)
FN:72,(anonymous_6)
FN:87,(anonymous_7)
FN:93,(anonymous_8)
FN:99,(anonymous_9)
FN:105,(anonymous_10)
FN:113,(anonymous_11)
FN:127,(anonymous_12)
FN:156,(anonymous_13)
FN:162,(anonymous_14)
FN:168,(anonymous_15)
FN:174,(anonymous_16)
FN:180,(anonymous_17)
FN:188,(anonymous_18)
FN:199,(anonymous_19)
FN:210,(anonymous_20)
FN:219,(anonymous_21)
FN:233,(anonymous_22)
FN:258,(anonymous_23)
FN:284,(anonymous_24)
FN:290,(anonymous_25)
FN:296,(anonymous_26)
FN:302,(anonymous_27)
FN:308,(anonymous_28)
FN:314,(anonymous_29)
FN:320,(anonymous_30)
FN:326,(anonymous_31)
FN:339,(anonymous_32)
FN:355,(anonymous_33)
FN:361,(anonymous_34)
FN:367,(anonymous_35)
FN:373,(anonymous_36)
FN:386,(anonymous_37)
FN:409,(anonymous_38)
FN:419,(anonymous_39)
FN:434,(anonymous_40)
FN:443,(anonymous_41)
FN:452,(anonymous_42)
FN:467,(anonymous_43)
FN:476,(anonymous_44)
FNF:44
FNH:41
FNDA:1,(anonymous_1)
FNDA:1,(anonymous_2)
FNDA:1,(anonymous_3)
FNDA:1,(anonymous_4)
FNDA:1,(anonymous_5)
FNDA:1,(anonymous_6)
FNDA:1,(anonymous_7)
FNDA:1,(anonymous_8)
FNDA:1,(anonymous_9)
FNDA:1,(anonymous_10)
FNDA:1,(anonymous_11)
FNDA:6,(anonymous_12)
FNDA:1,(anonymous_13)
FNDA:1,(anonymous_14)
FNDA:6,(anonymous_15)
FNDA:6,(anonymous_16)
FNDA:1,(anonymous_17)
FNDA:1,(anonymous_18)
FNDA:1,(anonymous_19)
FNDA:4,(anonymous_20)
FNDA:4,(anonymous_21)
FNDA:3,(anonymous_22)
FNDA:1,(anonymous_23)
FNDA:1,(anonymous_24)
FNDA:1,(anonymous_25)
FNDA:2,(anonymous_26)
FNDA:2,(anonymous_27)
FNDA:1,(anonymous_28)
FNDA:1,(anonymous_29)
FNDA:1,(anonymous_30)
FNDA:1,(anonymous_31)
FNDA:1,(anonymous_32)
FNDA:2,(anonymous_33)
FNDA:2,(anonymous_34)
FNDA:2,(anonymous_35)
FNDA:0,(anonymous_36)
FNDA:1,(anonymous_37)
FNDA:2,(anonymous_38)
FNDA:1,(anonymous_39)
FNDA:2,(anonymous_40)
FNDA:2,(anonymous_41)
FNDA:1,(anonymous_42)
FNDA:0,(anonymous_43)
FNDA:0,(anonymous_44)
DA:5,1
DA:12,1
DA:22,1
DA:30,1
DA:37,1
DA:43,1
DA:49,1
DA:57,1
DA:59,1
DA:72,1
DA:80,1
DA:87,1
DA:93,1
DA:99,1
DA:105,1
DA:113,1
DA:115,1
DA:127,1
DA:135,6
DA:142,6
DA:149,6
DA:156,6
DA:162,6
DA:168,6
DA:174,6
DA:180,6
DA:188,6
DA:190,1
DA:191,1
DA:192,1
DA:199,6
DA:201,1
DA:210,6
DA:212,4
DA:219,6
DA:222,4
DA:224,4
DA:233,1
DA:235,3
DA:236,3
DA:237,3
DA:238,3
DA:240,3
DA:242,3
DA:244,3
DA:247,3
DA:258,1
DA:260,1
DA:261,1
DA:262,1
DA:263,1
DA:265,1
DA:266,1
DA:267,1
DA:268,1
DA:277,1
DA:284,1
DA:290,1
DA:296,2
DA:302,2
DA:308,1
DA:314,1
DA:320,1
DA:326,1
DA:328,1
DA:339,1
DA:347,1
DA:355,2
DA:361,2
DA:367,2
DA:373,1
DA:386,1
DA:393,1
DA:399,1
DA:409,1
DA:410,2
DA:419,1
DA:420,1
DA:421,1
DA:422,1
DA:425,0
DA:434,1
DA:435,2
DA:443,1
DA:444,2
DA:452,1
DA:453,1
DA:454,1
DA:455,1
DA:458,0
DA:467,1
DA:468,0
DA:476,1
DA:477,0
DA:478,0
DA:479,0
DA:480,0
DA:481,0
DA:483,0
LF:99
LH:90
BRDA:5,1,0,1
BRDA:5,1,1,0
BRDA:12,2,0,1
BRDA:12,2,1,0
BRDA:260,3,0,1
BRDA:260,3,1,0
BRDA:265,4,0,1
BRDA:265,4,1,0
BRDA:393,5,0,0
BRDA:393,5,1,1
BRDA:399,6,0,0
BRDA:399,6,1,1
BRDA:421,7,0,1
BRDA:421,7,1,0
BRDA:454,8,0,1
BRDA:454,8,1,0
BRF:16
BRH:8
end_of_record
TN:
SF:C:\Users\asus\Desktop\DWVDicomViewer-master\src\math\stats.js
FN:15,(anonymous_1)
FN:52,(anonymous_2)
FN:66,(anonymous_3)
FNF:3
FNH:3
FNDA:2,(anonymous_1)
FNDA:2,(anonymous_2)
FNDA:3,(anonymous_3)
DA:5,1
DA:6,1
DA:15,1
DA:17,2
DA:18,2
DA:19,2
DA:20,2
DA:21,2
DA:22,2
DA:23,2
DA:25,2
DA:26,2
DA:27,25
DA:28,25
DA:29,1
DA:31,24
DA:32,5
DA:34,25
DA:35,25
DA:38,2
DA:40,2
DA:41,2
DA:43,2
DA:52,1
DA:60,2
DA:66,2
DA:67,3
LF:27
LH:27
BRDA:5,1,0,1
BRDA:5,1,1,0
BRDA:6,2,0,1
BRDA:6,2,1,0
BRDA:28,3,0,1
BRDA:28,3,1,24
BRDA:31,4,0,5
BRDA:31,4,1,19
BRF:8
BRH:6
end_of_record
